<?xml version="1.0" encoding="UTF-8"?>
<testsuite xmlns:xsi="http://www.w3.org/2001/XMLSchema-instance" xsi:noNamespaceSchemaLocation="https://maven.apache.org/surefire/maven-surefire-plugin/xsd/surefire-test-report-3.0.xsd" version="3.0" name="com.mycompany.mavenfreestyle.MavenFreeStyleTest" time="0.032" tests="3" errors="0" skipped="0" failures="0">
  <properties>
[...]
</properties>
  <testcase name="testMain" classname="com.mycompany.mavenfreestyle.MavenFreeStyleTest" time="0.014">
    <system-out><![CDATA[main
Hello World!
]]></system-out>
  </testcase>
  <testcase name="testFibonacci" classname="com.mycompany.mavenfreestyle.MavenFreeStyleTest" time="0.003"/>
  <testcase name="testFibonacci2" classname="com.mycompany.mavenfreestyle.MavenFreeStyleTest" time="0.002"/>
</testsuite>